Determining if the pthread_create exist failed with the following output:
Change Dir: /home/otoshuki/cv_ros/build/cv_bridge/CMakeFiles/CMakeTmp

Run Build Command:"/usr/bin/make" "cmTC_fcd9d/fast"
/usr/bin/make -f CMakeFiles/cmTC_fcd9d.dir/build.make CMakeFiles/cmTC_fcd9d.dir/build
make[1]: Entering directory '/home/otoshuki/cv_ros/build/cv_bridge/CMakeFiles/CMakeTmp'
Building C object CMakeFiles/cmTC_fcd9d.dir/CheckSymbolExists.c.o
/usr/bin/cc    -o CMakeFiles/cmTC_fcd9d.dir/CheckSymbolExists.c.o   -c /home/otoshuki/cv_ros/build/cv_bridge/CMakeFiles/CMakeTmp/CheckSymbolExists.c
Linking C executable cmTC_fcd9d
/usr/bin/cmake -E cmake_link_script CMakeFiles/cmTC_fcd9d.dir/link.txt --verbose=1
/usr/bin/cc      -rdynamic CMakeFiles/cmTC_fcd9d.dir/CheckSymbolExists.c.o  -o cmTC_fcd9d 
CMakeFiles/cmTC_fcd9d.dir/CheckSymbolExists.c.o: In function `main':
CheckSymbolExists.c:(.text+0x1b): undefined reference to `pthread_create'
collect2: error: ld returned 1 exit status
CMakeFiles/cmTC_fcd9d.dir/build.make:97: recipe for target 'cmTC_fcd9d' failed
make[1]: *** [cmTC_fcd9d] Error 1
make[1]: Leaving directory '/home/otoshuki/cv_ros/build/cv_bridge/CMakeFiles/CMakeTmp'
Makefile:126: recipe for target 'cmTC_fcd9d/fast' failed
make: *** [cmTC_fcd9d/fast] Error 2

File /home/otoshuki/cv_ros/build/cv_bridge/CMakeFiles/CMakeTmp/CheckSymbolExists.c:
/* */
#include <pthread.h>

int main(int argc, char** argv)
{
  (void)argv;
#ifndef pthread_create
  return ((int*)(&pthread_create))[argc];
#else
  (void)argc;
  return 0;
#endif
}

Determining if the function pthread_create exists in the pthreads failed with the following output:
Change Dir: /home/otoshuki/cv_ros/build/cv_bridge/CMakeFiles/CMakeTmp

Run Build Command:"/usr/bin/make" "cmTC_2101d/fast"
/usr/bin/make -f CMakeFiles/cmTC_2101d.dir/build.make CMakeFiles/cmTC_2101d.dir/build
make[1]: Entering directory '/home/otoshuki/cv_ros/build/cv_bridge/CMakeFiles/CMakeTmp'
Building C object CMakeFiles/cmTC_2101d.dir/CheckFunctionExists.c.o
/usr/bin/cc   -DCHECK_FUNCTION_EXISTS=pthread_create   -o CMakeFiles/cmTC_2101d.dir/CheckFunctionExists.c.o   -c /usr/share/cmake-3.10/Modules/CheckFunctionExists.c
Linking C executable cmTC_2101d
/usr/bin/cmake -E cmake_link_script CMakeFiles/cmTC_2101d.dir/link.txt --verbose=1
/usr/bin/cc  -DCHECK_FUNCTION_EXISTS=pthread_create    -rdynamic CMakeFiles/cmTC_2101d.dir/CheckFunctionExists.c.o  -o cmTC_2101d -lpthreads 
/usr/bin/ld: cannot find -lpthreads
collect2: error: ld returned 1 exit status
CMakeFiles/cmTC_2101d.dir/build.make:97: recipe for target 'cmTC_2101d' failed
make[1]: *** [cmTC_2101d] Error 1
make[1]: Leaving directory '/home/otoshuki/cv_ros/build/cv_bridge/CMakeFiles/CMakeTmp'
Makefile:126: recipe for target 'cmTC_2101d/fast' failed
make: *** [cmTC_2101d/fast] Error 2


